{
  "RSpec": {
    "coverage": {
      "/Users/brettrivers/turing/1610/3module/projects/air_bnb_clone/app/models/user.rb": [
        1,
        1,
        1,
        1,
        null
      ],
      "/Users/brettrivers/turing/1610/3module/projects/air_bnb_clone/app/models/application_record.rb": [
        1,
        1,
        null
      ],
      "/Users/brettrivers/turing/1610/3module/projects/air_bnb_clone/app/channels/application_cable/channel.rb": [
        0,
        0,
        0,
        0
      ],
      "/Users/brettrivers/turing/1610/3module/projects/air_bnb_clone/app/channels/application_cable/connection.rb": [
        0,
        0,
        0,
        0
      ],
      "/Users/brettrivers/turing/1610/3module/projects/air_bnb_clone/app/controllers/application_controller.rb": [
        0,
        0,
        0
      ],
      "/Users/brettrivers/turing/1610/3module/projects/air_bnb_clone/app/helpers/application_helper.rb": [
        0,
        0
      ],
      "/Users/brettrivers/turing/1610/3module/projects/air_bnb_clone/app/jobs/application_job.rb": [
        0,
        0
      ],
      "/Users/brettrivers/turing/1610/3module/projects/air_bnb_clone/app/mailers/application_mailer.rb": [
        0,
        0,
        0,
        0
      ]
    },
    "timestamp": 1486520260
  }
}
